21:13:52.702 [JavaFX Application Thread] TRACE condor-whatsapp-main - Initializing Main
21:13:52.709 [JavaFX Application Thread] TRACE condor-whatsapp-main - Initialized Textfields
21:13:52.883 [JavaFX Application Thread] TRACE condor-whatsapp-main - Run through init Methods
21:13:55.731 [JavaFX Application Thread] TRACE condor-whatsapp-main - Platform is Android false
21:14:07.007 [JavaFX Application Thread] TRACE condor-whatsapp-main - Handling IOs Data
21:14:07.032 [JavaFX Application Thread] TRACE condor-whatsapp-main - Starting extraction of message data
21:14:14.247 [JavaFX Application Thread] TRACE condor-whatsapp-main - Calculating honest signals
21:14:14.593 [JavaFX Application Thread] TRACE condor-whatsapp-main - 182874648360800
21:14:16.856 [JavaFX Application Thread] TRACE condor-whatsapp-main - Condor Api opened
21:14:17.201 [JavaFX Application Thread] TRACE condor-whatsapp-main - Connected to Database
21:14:18.619 [JavaFX Application Thread] TRACE condor-whatsapp-main - Importing csv Files. This may take some time
21:35:15.454 [JavaFX Application Thread] TRACE condor-whatsapp-main - Initializing Main
21:35:15.461 [JavaFX Application Thread] TRACE condor-whatsapp-main - Initialized Textfields
21:35:15.646 [JavaFX Application Thread] TRACE condor-whatsapp-main - Run through init Methods
21:35:17.790 [JavaFX Application Thread] TRACE condor-whatsapp-main - Platform is Android false
21:35:19.417 [JavaFX Application Thread] TRACE condor-whatsapp-main - Handling IOs Data
21:35:19.485 [JavaFX Application Thread] TRACE condor-whatsapp-main - Starting extraction of message data
21:35:26.291 [JavaFX Application Thread] TRACE condor-whatsapp-main - Calculating honest signals
21:35:26.593 [JavaFX Application Thread] TRACE condor-whatsapp-main - 184146648443100
21:35:28.821 [JavaFX Application Thread] TRACE condor-whatsapp-main - Condor Api opened
21:35:29.115 [JavaFX Application Thread] TRACE condor-whatsapp-main - Connected to Database
21:35:30.685 [JavaFX Application Thread] TRACE condor-whatsapp-main - Importing csv Files. This may take some time
21:53:44.336 [JavaFX Application Thread] TRACE condor-whatsapp-main - Initializing Main
21:53:44.342 [JavaFX Application Thread] TRACE condor-whatsapp-main - Initialized Textfields
21:53:44.517 [JavaFX Application Thread] TRACE condor-whatsapp-main - Run through init Methods
21:53:46.476 [JavaFX Application Thread] TRACE condor-whatsapp-main - Platform is Android false
21:53:47.671 [JavaFX Application Thread] TRACE condor-whatsapp-main - Handling IOs Data
21:53:47.703 [JavaFX Application Thread] TRACE condor-whatsapp-main - Starting extraction of message data
21:53:54.432 [JavaFX Application Thread] TRACE condor-whatsapp-main - Calculating honest signals
21:53:56.941 [JavaFX Application Thread] TRACE condor-whatsapp-main - Condor Api opened
21:53:56.942 [JavaFX Application Thread] TRACE condor-whatsapp-main - Connected to Database
21:53:56.956 [JavaFX Application Thread] TRACE condor-whatsapp-main - Importing csv Files. This may take some time
21:54:04.111 [JavaFX Application Thread] TRACE condor-whatsapp-main - Import complete
21:54:04.238 [JavaFX Application Thread] TRACE condor-whatsapp-main - Calculate Degree Centrality
21:54:04.325 [JavaFX Application Thread] TRACE condor-whatsapp-main - Calculate Betweeness Centrality
21:54:05.322 [JavaFX Application Thread] TRACE condor-whatsapp-main - Calculate Betweeness Centrality Oscillation
21:54:08.330 [JavaFX Application Thread] TRACE condor-whatsapp-main - Calculate Contribution
21:54:08.423 [JavaFX Application Thread] TRACE condor-whatsapp-main - Calculate Turn Taking
21:54:08.687 [JavaFX Application Thread] TRACE condor-whatsapp-main - Calculate Sentiment
22:13:15.847 [JavaFX Application Thread] TRACE condor-whatsapp-main - Initializing Main
22:13:15.855 [JavaFX Application Thread] TRACE condor-whatsapp-main - Initialized Textfields
22:13:16.046 [JavaFX Application Thread] TRACE condor-whatsapp-main - Run through init Methods
22:13:22.284 [JavaFX Application Thread] TRACE condor-whatsapp-main - Platform is Android false
22:13:26.044 [JavaFX Application Thread] TRACE condor-whatsapp-main - Handling IOs Data
22:13:26.068 [JavaFX Application Thread] TRACE condor-whatsapp-main - Starting extraction of message data
22:13:33.415 [JavaFX Application Thread] TRACE condor-whatsapp-main - Calculating honest signals
22:13:36.149 [JavaFX Application Thread] TRACE condor-whatsapp-main - Condor Api opened
22:13:36.150 [JavaFX Application Thread] TRACE condor-whatsapp-main - Connected to Database
22:13:36.164 [JavaFX Application Thread] TRACE condor-whatsapp-main - Importing csv Files. This may take some time
22:13:43.544 [JavaFX Application Thread] TRACE condor-whatsapp-main - Import complete
22:13:43.680 [JavaFX Application Thread] TRACE condor-whatsapp-main - Calculate Degree Centrality
22:13:43.778 [JavaFX Application Thread] TRACE condor-whatsapp-main - Calculate Betweeness Centrality
22:13:44.759 [JavaFX Application Thread] TRACE condor-whatsapp-main - Calculate Betweeness Centrality Oscillation
22:13:48.346 [JavaFX Application Thread] TRACE condor-whatsapp-main - Calculate Contribution
22:13:48.456 [JavaFX Application Thread] TRACE condor-whatsapp-main - Calculate Turn Taking
22:13:48.777 [JavaFX Application Thread] TRACE condor-whatsapp-main - Calculate Sentiment
22:14:51.654 [JavaFX Application Thread] TRACE condor-whatsapp-main - Calculated Contribution
22:14:52.363 [JavaFX Application Thread] TRACE condor-whatsapp-main - Calculated Communities
22:15:10.593 [JavaFX Application Thread] TRACE condor-whatsapp-main - Calculated Influence
22:15:12.869 [JavaFX Application Thread] TRACE condor-whatsapp-main - Calculated Reach
22:15:13.718 [JavaFX Application Thread] TRACE condor-whatsapp-main - Export files generated
22:15:13.722 [JavaFX Application Thread] TRACE condor-whatsapp-main - Condor complete
22:15:13.756 [JavaFX Application Thread] TRACE condor-whatsapp-main - Calculated honest signals
22:49:44.351 [JavaFX Application Thread] TRACE condor-whatsapp-main - Initializing Main
22:49:44.357 [JavaFX Application Thread] TRACE condor-whatsapp-main - Initialized Textfields
22:49:44.459 [JavaFX Application Thread] TRACE condor-whatsapp-main - Run through init Methods
22:49:46.299 [JavaFX Application Thread] TRACE condor-whatsapp-main - Platform is Android false
22:49:47.576 [JavaFX Application Thread] TRACE condor-whatsapp-main - Handling IOs Data
22:49:47.622 [JavaFX Application Thread] TRACE condor-whatsapp-main - Starting extraction of message data
22:49:54.557 [JavaFX Application Thread] TRACE condor-whatsapp-main - Calculating honest signals
22:49:57.239 [JavaFX Application Thread] TRACE condor-whatsapp-main - Condor Api opened
22:49:57.239 [JavaFX Application Thread] TRACE condor-whatsapp-main - Connected to Database
22:49:57.256 [JavaFX Application Thread] TRACE condor-whatsapp-main - Importing csv Files. This may take some time
22:50:04.000 [JavaFX Application Thread] TRACE condor-whatsapp-main - Import complete
22:50:04.123 [JavaFX Application Thread] TRACE condor-whatsapp-main - Calculate Degree Centrality
22:50:04.218 [JavaFX Application Thread] TRACE condor-whatsapp-main - Calculate Betweeness Centrality
22:50:05.323 [JavaFX Application Thread] TRACE condor-whatsapp-main - Calculate Betweeness Centrality Oscillation
22:50:08.892 [JavaFX Application Thread] TRACE condor-whatsapp-main - Calculate Contribution
22:50:08.987 [JavaFX Application Thread] TRACE condor-whatsapp-main - Calculate Turn Taking
22:50:09.287 [JavaFX Application Thread] TRACE condor-whatsapp-main - Calculate Sentiment
22:51:09.794 [JavaFX Application Thread] TRACE condor-whatsapp-main - Calculated Contribution
22:51:10.425 [JavaFX Application Thread] TRACE condor-whatsapp-main - Calculated Communities
22:51:27.409 [JavaFX Application Thread] TRACE condor-whatsapp-main - Calculated Influence
22:51:29.585 [JavaFX Application Thread] TRACE condor-whatsapp-main - Calculated Reach
22:51:30.366 [JavaFX Application Thread] TRACE condor-whatsapp-main - Export files generated
22:51:30.371 [JavaFX Application Thread] TRACE condor-whatsapp-main - Condor complete
22:51:30.404 [JavaFX Application Thread] TRACE condor-whatsapp-main - Calculated honest signals
